[0.038s] Invoking command in '/home/gvega/Desktop/looping_ws/src/plansys2-gpsr-looping/plansys2_bt_lp/build/plansys2_bt_lp': CMAKE_PREFIX_PATH=${CMAKE_PREFIX_PATH}:/home/gvega/Desktop/ir_robots_ws/install/joy_teleop:/home/gvega/Desktop/ir_robots_ws/install/mouse_teleop:/home/gvega/Desktop/ir_robots_ws/install/launch_pal:/home/gvega/Desktop/ir_robots_ws/install/key_teleop:/home/gvega/Desktop/ros2_computer_vision/install/joy_teleop:/home/gvega/Desktop/ros2_computer_vision/install/mouse_teleop:/home/gvega/Desktop/ros2_computer_vision/install/launch_pal:/home/gvega/Desktop/ros2_computer_vision/install/key_teleop:/home/gvega/Desktop/book_ros2/install/launch_pal:/home/gvega/Desktop/book_ros2/install/br2_fsm_bumpgo_py:/opt/ros/humble /usr/bin/cmake /home/gvega/Desktop/looping_ws/src/plansys2-gpsr-looping/plansys2_bt_lp -DAMENT_CMAKE_SYMLINK_INSTALL=1 -DCMAKE_INSTALL_PREFIX=/home/gvega/Desktop/looping_ws/src/plansys2-gpsr-looping/plansys2_bt_lp/install/plansys2_bt_lp
[0.191s] -- The C compiler identification is GNU 11.3.0
[0.290s] -- The CXX compiler identification is GNU 11.3.0
[0.304s] -- Detecting C compiler ABI info
[0.445s] -- Detecting C compiler ABI info - done
[0.459s] -- Check for working C compiler: /usr/bin/cc - skipped
[0.459s] -- Detecting C compile features
[0.460s] -- Detecting C compile features - done
[0.466s] -- Detecting CXX compiler ABI info
[0.601s] -- Detecting CXX compiler ABI info - done
[0.615s] -- Check for working CXX compiler: /usr/bin/c++ - skipped
[0.615s] -- Detecting CXX compile features
[0.615s] -- Detecting CXX compile features - done
[0.641s] -- Found ament_cmake: 1.3.3 (/opt/ros/humble/share/ament_cmake/cmake)
[1.054s] -- Found Python3: /usr/bin/python3.10 (found version "3.10.6") found components: Interpreter 
[1.162s] -- Override CMake install command with custom implementation using symlinks instead of copying resources
[1.459s] -- Found rclcpp: 16.0.3 (/opt/ros/humble/share/rclcpp/cmake)
[1.715s] -- Found rosidl_generator_c: 3.1.4 (/opt/ros/humble/share/rosidl_generator_c/cmake)
[1.754s] -- Found rosidl_adapter: 3.1.4 (/opt/ros/humble/share/rosidl_adapter/cmake)
[1.801s] -- Found rosidl_generator_cpp: 3.1.4 (/opt/ros/humble/share/rosidl_generator_cpp/cmake)
[1.875s] -- Using all available rosidl_typesupport_c: rosidl_typesupport_fastrtps_c;rosidl_typesupport_introspection_c
[1.970s] -- Using all available rosidl_typesupport_cpp: rosidl_typesupport_fastrtps_cpp;rosidl_typesupport_introspection_cpp
[2.253s] -- Found rmw_implementation_cmake: 6.1.1 (/opt/ros/humble/share/rmw_implementation_cmake/cmake)
[2.285s] -- Found rmw_cyclonedds_cpp: 1.3.4 (/opt/ros/humble/share/rmw_cyclonedds_cpp/cmake)
[2.432s] -- Using RMW implementation 'rmw_cyclonedds_cpp' as default
[2.491s] -- Looking for pthread.h
[2.672s] -- Looking for pthread.h - found
[2.672s] -- Performing Test CMAKE_HAVE_LIBC_PTHREAD
[2.818s] -- Performing Test CMAKE_HAVE_LIBC_PTHREAD - Success
[2.820s] -- Found Threads: TRUE  
[3.141s] -- Found rclcpp_action: 16.0.3 (/opt/ros/humble/share/rclcpp_action/cmake)
[3.387s] -- Found geometry_msgs: 4.2.3 (/opt/ros/humble/share/geometry_msgs/cmake)
[3.460s] -- Found tf2_geometry_msgs: 0.25.2 (/opt/ros/humble/share/tf2_geometry_msgs/cmake)
[3.549s] -- Found eigen3_cmake_module: 0.1.1 (/opt/ros/humble/share/eigen3_cmake_module/cmake)
[3.551s] -- Found Eigen3: TRUE (found version "3.4.0") 
[3.551s] -- Ensuring Eigen3 include directory is part of orocos-kdl CMake target
[4.237s] -- Found nav2_msgs: 1.1.0 (/home/gvega/Desktop/ros2_computer_vision/install/nav2_msgs/share/nav2_msgs/cmake)
[4.735s] -- Found plansys2_msgs: 2.0.8 (/home/gvega/Desktop/plansys2/install/plansys2_msgs/share/plansys2_msgs/cmake)
[4.908s] -- Found plansys2_domain_expert: 2.0.8 (/home/gvega/Desktop/plansys2/install/plansys2_domain_expert/share/plansys2_domain_expert/cmake)
[5.759s] -- Found plansys2_executor: 2.0.8 (/home/gvega/Desktop/plansys2/install/plansys2_executor/share/plansys2_executor/cmake)
[10.225s] -- Found plansys2_bt_actions: 2.0.8 (/home/gvega/Desktop/plansys2/install/plansys2_bt_actions/share/plansys2_bt_actions/cmake)
[97.887s] -- Found ament_lint_auto: 0.12.5 (/opt/ros/humble/share/ament_lint_auto/cmake)
[98.253s] -- Added test 'copyright' to check source files copyright and LICENSE
[98.263s] -- Added test 'cppcheck' to perform static code analysis on C / C++ code
[98.265s] -- Configured cppcheck include dirs: /home/gvega/Desktop/looping_ws/src/plansys2-gpsr-looping/plansys2_bt_lp/include
[98.265s] -- Configured cppcheck exclude dirs and/or files: 
[98.275s] -- Added test 'cpplint' to check C / C++ code against the Google style
[98.275s] -- Configured cpplint exclude dirs and/or files: 
[98.280s] -- Added test 'flake8' to check Python code syntax and style conventions
[98.286s] -- Added test 'lint_cmake' to check CMake code style
[98.291s] -- Added test 'pep257' to check Python code against some of the docstring style conventions in PEP 257
[98.300s] -- Added test 'uncrustify' to check C / C++ code style
[98.300s] -- Configured uncrustify additional arguments: 
[98.306s] -- Added test 'xmllint' to check XML markup files
[98.316s] -- Configuring done
[98.536s] -- Generating done
[98.540s] -- Build files have been written to: /home/gvega/Desktop/looping_ws/src/plansys2-gpsr-looping/plansys2_bt_lp/build/plansys2_bt_lp
[98.561s] Invoked command in '/home/gvega/Desktop/looping_ws/src/plansys2-gpsr-looping/plansys2_bt_lp/build/plansys2_bt_lp' returned '0': CMAKE_PREFIX_PATH=${CMAKE_PREFIX_PATH}:/home/gvega/Desktop/ir_robots_ws/install/joy_teleop:/home/gvega/Desktop/ir_robots_ws/install/mouse_teleop:/home/gvega/Desktop/ir_robots_ws/install/launch_pal:/home/gvega/Desktop/ir_robots_ws/install/key_teleop:/home/gvega/Desktop/ros2_computer_vision/install/joy_teleop:/home/gvega/Desktop/ros2_computer_vision/install/mouse_teleop:/home/gvega/Desktop/ros2_computer_vision/install/launch_pal:/home/gvega/Desktop/ros2_computer_vision/install/key_teleop:/home/gvega/Desktop/book_ros2/install/launch_pal:/home/gvega/Desktop/book_ros2/install/br2_fsm_bumpgo_py:/opt/ros/humble /usr/bin/cmake /home/gvega/Desktop/looping_ws/src/plansys2-gpsr-looping/plansys2_bt_lp -DAMENT_CMAKE_SYMLINK_INSTALL=1 -DCMAKE_INSTALL_PREFIX=/home/gvega/Desktop/looping_ws/src/plansys2-gpsr-looping/plansys2_bt_lp/install/plansys2_bt_lp
[98.566s] Invoking command in '/home/gvega/Desktop/looping_ws/src/plansys2-gpsr-looping/plansys2_bt_lp/build/plansys2_bt_lp': CMAKE_PREFIX_PATH=${CMAKE_PREFIX_PATH}:/home/gvega/Desktop/ir_robots_ws/install/joy_teleop:/home/gvega/Desktop/ir_robots_ws/install/mouse_teleop:/home/gvega/Desktop/ir_robots_ws/install/launch_pal:/home/gvega/Desktop/ir_robots_ws/install/key_teleop:/home/gvega/Desktop/ros2_computer_vision/install/joy_teleop:/home/gvega/Desktop/ros2_computer_vision/install/mouse_teleop:/home/gvega/Desktop/ros2_computer_vision/install/launch_pal:/home/gvega/Desktop/ros2_computer_vision/install/key_teleop:/home/gvega/Desktop/book_ros2/install/launch_pal:/home/gvega/Desktop/book_ros2/install/br2_fsm_bumpgo_py:/opt/ros/humble /usr/bin/cmake --build /home/gvega/Desktop/looping_ws/src/plansys2-gpsr-looping/plansys2_bt_lp/build/plansys2_bt_lp -- -j8 -l8
[98.765s] [ 12%] [32mBuilding CXX object CMakeFiles/plansys2_recharge_bt_node.dir/src/behavior_tree_nodes/Recharge.cpp.o[0m
[98.766s] [ 12%] [32mBuilding CXX object CMakeFiles/nav2_sim_node.dir/src/nav2_sim_node.cpp.o[0m
[98.773s] [ 18%] [32mBuilding CXX object CMakeFiles/plansys2_move_bt_node.dir/src/behavior_tree_nodes/Move.cpp.o[0m
[98.782s] [ 31%] [32mBuilding CXX object CMakeFiles/plansys2_open_gripper_bt_node.dir/src/behavior_tree_nodes/OpenGripper.cpp.o[0m
[98.782s] [ 31%] [32mBuilding CXX object CMakeFiles/assemble_action_node.dir/src/assemble_action_node.cpp.o[0m
[98.787s] [ 37%] [32mBuilding CXX object CMakeFiles/assemble_controller_node.dir/src/assemble_controller_node.cpp.o[0m
[98.801s] [ 43%] [32mBuilding CXX object CMakeFiles/plansys2_approach_object_bt_node.dir/src/behavior_tree_nodes/ApproachObject.cpp.o[0m
[98.835s] [ 50%] [32mBuilding CXX object CMakeFiles/plansys2_close_gripper_bt_node.dir/src/behavior_tree_nodes/CloseGripper.cpp.o[0m
[99.341s] [01m[K/home/gvega/Desktop/looping_ws/src/plansys2-gpsr-looping/plansys2_bt_lp/src/behavior_tree_nodes/Move.cpp:20:10:[m[K [01;31m[Kfatal error: [m[Kplansys2_bt_example/behavior_tree_nodes/Move.hpp: No such file or directory
[99.342s]    20 | #include [01;31m[K"plansys2_bt_example/behavior_tree_nodes/Move.hpp"[m[K
[99.342s]       |          [01;31m[K^~~~~~~~~~~~~~~~~~~~~~~~~~~~~~~~~~~~~~~~~~~~~~~~~~[m[K
[99.342s] compilation terminated.
[99.360s] gmake[2]: *** [CMakeFiles/plansys2_move_bt_node.dir/build.make:76: CMakeFiles/plansys2_move_bt_node.dir/src/behavior_tree_nodes/Move.cpp.o] Error 1
[99.361s] gmake[1]: *** [CMakeFiles/Makefile2:229: CMakeFiles/plansys2_move_bt_node.dir/all] Error 2
[99.361s] gmake[1]: *** Waiting for unfinished jobs....
[103.469s] [ 56%] [32m[1mLinking CXX shared library libplansys2_recharge_bt_node.so[0m
[103.603s] [ 62%] [32m[1mLinking CXX shared library libplansys2_close_gripper_bt_node.so[0m
[103.687s] [ 68%] [32m[1mLinking CXX shared library libplansys2_open_gripper_bt_node.so[0m
[103.709s] [ 75%] [32m[1mLinking CXX shared library libplansys2_approach_object_bt_node.so[0m
[104.611s] [ 75%] Built target plansys2_recharge_bt_node
[104.750s] [ 75%] Built target plansys2_close_gripper_bt_node
[104.775s] [ 75%] Built target plansys2_approach_object_bt_node
[104.857s] [ 75%] Built target plansys2_open_gripper_bt_node
[109.112s] [ 81%] [32m[1mLinking CXX executable nav2_sim_node[0m
[109.863s] [ 81%] Built target nav2_sim_node
[111.978s] [ 87%] [32m[1mLinking CXX executable assemble_action_node[0m
[114.287s] [ 93%] [32m[1mLinking CXX executable assemble_controller_node[0m
[115.730s] [ 93%] Built target assemble_action_node
[121.232s] [ 93%] Built target assemble_controller_node
[121.235s] gmake: *** [Makefile:146: all] Error 2
[121.240s] Invoked command in '/home/gvega/Desktop/looping_ws/src/plansys2-gpsr-looping/plansys2_bt_lp/build/plansys2_bt_lp' returned '2': CMAKE_PREFIX_PATH=${CMAKE_PREFIX_PATH}:/home/gvega/Desktop/ir_robots_ws/install/joy_teleop:/home/gvega/Desktop/ir_robots_ws/install/mouse_teleop:/home/gvega/Desktop/ir_robots_ws/install/launch_pal:/home/gvega/Desktop/ir_robots_ws/install/key_teleop:/home/gvega/Desktop/ros2_computer_vision/install/joy_teleop:/home/gvega/Desktop/ros2_computer_vision/install/mouse_teleop:/home/gvega/Desktop/ros2_computer_vision/install/launch_pal:/home/gvega/Desktop/ros2_computer_vision/install/key_teleop:/home/gvega/Desktop/book_ros2/install/launch_pal:/home/gvega/Desktop/book_ros2/install/br2_fsm_bumpgo_py:/opt/ros/humble /usr/bin/cmake --build /home/gvega/Desktop/looping_ws/src/plansys2-gpsr-looping/plansys2_bt_lp/build/plansys2_bt_lp -- -j8 -l8
