[0.612s] DEBUG:colcon:Command line arguments: ['/usr/bin/colcon', 'build', '--symlink-install', '--packages-select', 'plansys2_bt_lp']
[0.612s] DEBUG:colcon:Parsed command line arguments: Namespace(log_base=None, log_level=None, verb_name='build', build_base='build', install_base='install', merge_install=False, symlink_install=True, test_result_base=None, continue_on_error=False, executor='parallel', parallel_workers=8, event_handlers=None, ignore_user_meta=False, metas=['./colcon.meta'], base_paths=['.'], packages_ignore=None, packages_ignore_regex=None, paths=None, packages_up_to=None, packages_up_to_regex=None, packages_above=None, packages_above_and_dependencies=None, packages_above_depth=None, packages_select_by_dep=None, packages_skip_by_dep=None, packages_skip_up_to=None, packages_select_build_failed=False, packages_skip_build_finished=False, packages_select_test_failures=False, packages_skip_test_passed=False, packages_select=['plansys2_bt_lp'], packages_skip=None, packages_select_regex=None, packages_skip_regex=None, packages_start=None, packages_end=None, allow_overriding=[], cmake_args=None, cmake_target=None, cmake_target_skip_unavailable=False, cmake_clean_cache=False, cmake_clean_first=False, cmake_force_configure=False, ament_cmake_args=None, catkin_cmake_args=None, catkin_skip_building_tests=False, verb_parser=<colcon_defaults.argument_parser.defaults.DefaultArgumentsDecorator object at 0x7f8e5aaef550>, verb_extension=<colcon_core.verb.build.BuildVerb object at 0x7f8e5b2d4550>, main=<bound method BuildVerb.main of <colcon_core.verb.build.BuildVerb object at 0x7f8e5b2d4550>>)
[0.659s] Level 1:colcon.colcon_core.package_discovery:discover_packages(colcon_meta) check parameters
[0.659s] Level 1:colcon.colcon_core.package_discovery:discover_packages(recursive) check parameters
[0.659s] Level 1:colcon.colcon_core.package_discovery:discover_packages(ignore) check parameters
[0.659s] Level 1:colcon.colcon_core.package_discovery:discover_packages(path) check parameters
[0.659s] Level 1:colcon.colcon_core.package_discovery:discover_packages(colcon_meta) discover
[0.659s] Level 1:colcon.colcon_core.package_discovery:discover_packages(recursive) discover
[0.659s] INFO:colcon.colcon_core.package_discovery:Crawling recursively for packages in '/home/gvega/Desktop/looping_ws/src/plansys2-gpsr-looping/plansys2_bt_lp'
[0.660s] Level 1:colcon.colcon_core.package_identification:_identify(.) by extensions ['ignore', 'ignore_ament_install']
[0.660s] Level 1:colcon.colcon_core.package_identification:_identify(.) by extension 'ignore'
[0.660s] Level 1:colcon.colcon_core.package_identification:_identify(.) by extension 'ignore_ament_install'
[0.660s] Level 1:colcon.colcon_core.package_identification:_identify(.) by extensions ['colcon_pkg']
[0.660s] Level 1:colcon.colcon_core.package_identification:_identify(.) by extension 'colcon_pkg'
[0.660s] Level 1:colcon.colcon_core.package_identification:_identify(.) by extensions ['colcon_meta']
[0.660s] Level 1:colcon.colcon_core.package_identification:_identify(.) by extension 'colcon_meta'
[0.660s] Level 1:colcon.colcon_core.package_identification:_identify(.) by extensions ['ros']
[0.660s] Level 1:colcon.colcon_core.package_identification:_identify(.) by extension 'ros'
[0.684s] DEBUG:colcon.colcon_core.package_identification:Package '.' with type 'ros.ament_cmake' and name 'plansys2_bt_lp'
[0.684s] Level 1:colcon.colcon_core.package_discovery:discover_packages(recursive) using defaults
[0.684s] Level 1:colcon.colcon_core.package_discovery:discover_packages(ignore) discover
[0.684s] Level 1:colcon.colcon_core.package_discovery:discover_packages(ignore) using defaults
[0.684s] Level 1:colcon.colcon_core.package_discovery:discover_packages(path) discover
[0.684s] Level 1:colcon.colcon_core.package_discovery:discover_packages(path) using defaults
[0.745s] Level 1:colcon.colcon_core.package_discovery:discover_packages(prefix_path) check parameters
[0.745s] Level 1:colcon.colcon_core.package_discovery:discover_packages(prefix_path) discover
[0.761s] DEBUG:colcon.colcon_installed_package_information.package_discovery:Found 19 installed packages in /home/gvega/Desktop/plansys2/install
[0.763s] DEBUG:colcon.colcon_installed_package_information.package_discovery:Found 1 installed packages in /home/gvega/Desktop/groot_ws/Groot/install
[0.768s] DEBUG:colcon.colcon_installed_package_information.package_discovery:Found 88 installed packages in /home/gvega/Desktop/ir_robots_ws/install
[0.773s] DEBUG:colcon.colcon_installed_package_information.package_discovery:Found 33 installed packages in /home/gvega/Desktop/ros2_computer_vision/install
[0.777s] DEBUG:colcon.colcon_installed_package_information.package_discovery:Found 2 installed packages in /home/gvega/Desktop/looping_ws/install
[0.780s] DEBUG:colcon.colcon_installed_package_information.package_discovery:Found 35 installed packages in /home/gvega/Desktop/book_ros2/install
[0.788s] DEBUG:colcon.colcon_installed_package_information.package_discovery:Found 402 installed packages in /opt/ros/humble
[0.792s] Level 1:colcon.colcon_core.package_discovery:discover_packages(prefix_path) using defaults
[0.933s] Level 5:colcon.colcon_core.verb:set package 'plansys2_bt_lp' build argument 'cmake_args' from command line to 'None'
[0.933s] Level 5:colcon.colcon_core.verb:set package 'plansys2_bt_lp' build argument 'cmake_target' from command line to 'None'
[0.933s] Level 5:colcon.colcon_core.verb:set package 'plansys2_bt_lp' build argument 'cmake_target_skip_unavailable' from command line to 'False'
[0.933s] Level 5:colcon.colcon_core.verb:set package 'plansys2_bt_lp' build argument 'cmake_clean_cache' from command line to 'False'
[0.933s] Level 5:colcon.colcon_core.verb:set package 'plansys2_bt_lp' build argument 'cmake_clean_first' from command line to 'False'
[0.933s] Level 5:colcon.colcon_core.verb:set package 'plansys2_bt_lp' build argument 'cmake_force_configure' from command line to 'False'
[0.933s] Level 5:colcon.colcon_core.verb:set package 'plansys2_bt_lp' build argument 'ament_cmake_args' from command line to 'None'
[0.933s] Level 5:colcon.colcon_core.verb:set package 'plansys2_bt_lp' build argument 'catkin_cmake_args' from command line to 'None'
[0.933s] Level 5:colcon.colcon_core.verb:set package 'plansys2_bt_lp' build argument 'catkin_skip_building_tests' from command line to 'False'
[0.933s] DEBUG:colcon.colcon_core.verb:Building package 'plansys2_bt_lp' with the following arguments: {'ament_cmake_args': None, 'build_base': '/home/gvega/Desktop/looping_ws/src/plansys2-gpsr-looping/plansys2_bt_lp/build/plansys2_bt_lp', 'catkin_cmake_args': None, 'catkin_skip_building_tests': False, 'cmake_args': None, 'cmake_clean_cache': False, 'cmake_clean_first': False, 'cmake_force_configure': False, 'cmake_target': None, 'cmake_target_skip_unavailable': False, 'install_base': '/home/gvega/Desktop/looping_ws/src/plansys2-gpsr-looping/plansys2_bt_lp/install/plansys2_bt_lp', 'merge_install': False, 'path': '/home/gvega/Desktop/looping_ws/src/plansys2-gpsr-looping/plansys2_bt_lp', 'symlink_install': True, 'test_result_base': None}
[0.935s] INFO:colcon.colcon_core.executor:Executing jobs using 'parallel' executor
[0.941s] DEBUG:colcon.colcon_parallel_executor.executor.parallel:run_until_complete
[0.941s] INFO:colcon.colcon_ros.task.ament_cmake.build:Building ROS package in '/home/gvega/Desktop/looping_ws/src/plansys2-gpsr-looping/plansys2_bt_lp' with build type 'ament_cmake'
[0.941s] INFO:colcon.colcon_cmake.task.cmake.build:Building CMake package in '/home/gvega/Desktop/looping_ws/src/plansys2-gpsr-looping/plansys2_bt_lp'
[0.951s] INFO:colcon.colcon_core.plugin_system:Skipping extension 'colcon_core.shell.bat': Not used on non-Windows systems
[0.951s] INFO:colcon.colcon_core.shell:Skip shell extension 'powershell' for command environment: Not usable outside of PowerShell
[0.951s] DEBUG:colcon.colcon_core.shell:Skip shell extension 'dsv' for command environment
[1.004s] DEBUG:colcon.colcon_core.event_handler.log_command:Invoking command in '/home/gvega/Desktop/looping_ws/src/plansys2-gpsr-looping/plansys2_bt_lp/build/plansys2_bt_lp': CMAKE_PREFIX_PATH=${CMAKE_PREFIX_PATH}:/home/gvega/Desktop/ir_robots_ws/install/joy_teleop:/home/gvega/Desktop/ir_robots_ws/install/mouse_teleop:/home/gvega/Desktop/ir_robots_ws/install/launch_pal:/home/gvega/Desktop/ir_robots_ws/install/key_teleop:/home/gvega/Desktop/ros2_computer_vision/install/joy_teleop:/home/gvega/Desktop/ros2_computer_vision/install/mouse_teleop:/home/gvega/Desktop/ros2_computer_vision/install/launch_pal:/home/gvega/Desktop/ros2_computer_vision/install/key_teleop:/home/gvega/Desktop/book_ros2/install/launch_pal:/home/gvega/Desktop/book_ros2/install/br2_fsm_bumpgo_py:/opt/ros/humble /usr/bin/cmake --build /home/gvega/Desktop/looping_ws/src/plansys2-gpsr-looping/plansys2_bt_lp/build/plansys2_bt_lp -- -j8 -l8
[13.068s] DEBUG:colcon.colcon_core.event_handler.log_command:Invoked command in '/home/gvega/Desktop/looping_ws/src/plansys2-gpsr-looping/plansys2_bt_lp/build/plansys2_bt_lp' returned '0': CMAKE_PREFIX_PATH=${CMAKE_PREFIX_PATH}:/home/gvega/Desktop/ir_robots_ws/install/joy_teleop:/home/gvega/Desktop/ir_robots_ws/install/mouse_teleop:/home/gvega/Desktop/ir_robots_ws/install/launch_pal:/home/gvega/Desktop/ir_robots_ws/install/key_teleop:/home/gvega/Desktop/ros2_computer_vision/install/joy_teleop:/home/gvega/Desktop/ros2_computer_vision/install/mouse_teleop:/home/gvega/Desktop/ros2_computer_vision/install/launch_pal:/home/gvega/Desktop/ros2_computer_vision/install/key_teleop:/home/gvega/Desktop/book_ros2/install/launch_pal:/home/gvega/Desktop/book_ros2/install/br2_fsm_bumpgo_py:/opt/ros/humble /usr/bin/cmake --build /home/gvega/Desktop/looping_ws/src/plansys2-gpsr-looping/plansys2_bt_lp/build/plansys2_bt_lp -- -j8 -l8
[13.327s] DEBUG:colcon.colcon_core.event_handler.log_command:Invoking command in '/home/gvega/Desktop/looping_ws/src/plansys2-gpsr-looping/plansys2_bt_lp/build/plansys2_bt_lp': CMAKE_PREFIX_PATH=${CMAKE_PREFIX_PATH}:/home/gvega/Desktop/ir_robots_ws/install/joy_teleop:/home/gvega/Desktop/ir_robots_ws/install/mouse_teleop:/home/gvega/Desktop/ir_robots_ws/install/launch_pal:/home/gvega/Desktop/ir_robots_ws/install/key_teleop:/home/gvega/Desktop/ros2_computer_vision/install/joy_teleop:/home/gvega/Desktop/ros2_computer_vision/install/mouse_teleop:/home/gvega/Desktop/ros2_computer_vision/install/launch_pal:/home/gvega/Desktop/ros2_computer_vision/install/key_teleop:/home/gvega/Desktop/book_ros2/install/launch_pal:/home/gvega/Desktop/book_ros2/install/br2_fsm_bumpgo_py:/opt/ros/humble /usr/bin/cmake --install /home/gvega/Desktop/looping_ws/src/plansys2-gpsr-looping/plansys2_bt_lp/build/plansys2_bt_lp
[14.256s] Level 1:colcon.colcon_core.environment:create_environment_scripts_only(plansys2_bt_lp)
[14.259s] DEBUG:colcon.colcon_core.event_handler.log_command:Invoked command in '/home/gvega/Desktop/looping_ws/src/plansys2-gpsr-looping/plansys2_bt_lp/build/plansys2_bt_lp' returned '0': CMAKE_PREFIX_PATH=${CMAKE_PREFIX_PATH}:/home/gvega/Desktop/ir_robots_ws/install/joy_teleop:/home/gvega/Desktop/ir_robots_ws/install/mouse_teleop:/home/gvega/Desktop/ir_robots_ws/install/launch_pal:/home/gvega/Desktop/ir_robots_ws/install/key_teleop:/home/gvega/Desktop/ros2_computer_vision/install/joy_teleop:/home/gvega/Desktop/ros2_computer_vision/install/mouse_teleop:/home/gvega/Desktop/ros2_computer_vision/install/launch_pal:/home/gvega/Desktop/ros2_computer_vision/install/key_teleop:/home/gvega/Desktop/book_ros2/install/launch_pal:/home/gvega/Desktop/book_ros2/install/br2_fsm_bumpgo_py:/opt/ros/humble /usr/bin/cmake --install /home/gvega/Desktop/looping_ws/src/plansys2-gpsr-looping/plansys2_bt_lp/build/plansys2_bt_lp
[14.273s] Level 1:colcon.colcon_core.environment:checking '/home/gvega/Desktop/looping_ws/src/plansys2-gpsr-looping/plansys2_bt_lp/install/plansys2_bt_lp' for CMake module files
[14.275s] Level 1:colcon.colcon_core.environment:checking '/home/gvega/Desktop/looping_ws/src/plansys2-gpsr-looping/plansys2_bt_lp/install/plansys2_bt_lp' for CMake config files
[14.276s] Level 1:colcon.colcon_core.shell:create_environment_hook('plansys2_bt_lp', 'cmake_prefix_path')
[14.280s] INFO:colcon.colcon_core.shell:Creating environment hook '/home/gvega/Desktop/looping_ws/src/plansys2-gpsr-looping/plansys2_bt_lp/install/plansys2_bt_lp/share/plansys2_bt_lp/hook/cmake_prefix_path.ps1'
[14.281s] INFO:colcon.colcon_core.shell:Creating environment descriptor '/home/gvega/Desktop/looping_ws/src/plansys2-gpsr-looping/plansys2_bt_lp/install/plansys2_bt_lp/share/plansys2_bt_lp/hook/cmake_prefix_path.dsv'
[14.282s] INFO:colcon.colcon_core.shell:Creating environment hook '/home/gvega/Desktop/looping_ws/src/plansys2-gpsr-looping/plansys2_bt_lp/install/plansys2_bt_lp/share/plansys2_bt_lp/hook/cmake_prefix_path.sh'
[14.285s] Level 1:colcon.colcon_core.environment:checking '/home/gvega/Desktop/looping_ws/src/plansys2-gpsr-looping/plansys2_bt_lp/install/plansys2_bt_lp/lib'
[14.285s] Level 1:colcon.colcon_core.shell:create_environment_hook('plansys2_bt_lp', 'ld_library_path_lib')
[14.290s] INFO:colcon.colcon_core.shell:Creating environment hook '/home/gvega/Desktop/looping_ws/src/plansys2-gpsr-looping/plansys2_bt_lp/install/plansys2_bt_lp/share/plansys2_bt_lp/hook/ld_library_path_lib.ps1'
[14.291s] INFO:colcon.colcon_core.shell:Creating environment descriptor '/home/gvega/Desktop/looping_ws/src/plansys2-gpsr-looping/plansys2_bt_lp/install/plansys2_bt_lp/share/plansys2_bt_lp/hook/ld_library_path_lib.dsv'
[14.292s] INFO:colcon.colcon_core.shell:Creating environment hook '/home/gvega/Desktop/looping_ws/src/plansys2-gpsr-looping/plansys2_bt_lp/install/plansys2_bt_lp/share/plansys2_bt_lp/hook/ld_library_path_lib.sh'
[14.293s] Level 1:colcon.colcon_core.environment:checking '/home/gvega/Desktop/looping_ws/src/plansys2-gpsr-looping/plansys2_bt_lp/install/plansys2_bt_lp/bin'
[14.293s] Level 1:colcon.colcon_core.environment:checking '/home/gvega/Desktop/looping_ws/src/plansys2-gpsr-looping/plansys2_bt_lp/install/plansys2_bt_lp/lib/pkgconfig/plansys2_bt_lp.pc'
[14.293s] Level 1:colcon.colcon_core.environment:checking '/home/gvega/Desktop/looping_ws/src/plansys2-gpsr-looping/plansys2_bt_lp/install/plansys2_bt_lp/lib/python3.10/site-packages'
[14.294s] Level 1:colcon.colcon_core.environment:checking '/home/gvega/Desktop/looping_ws/src/plansys2-gpsr-looping/plansys2_bt_lp/install/plansys2_bt_lp/bin'
[14.299s] INFO:colcon.colcon_core.shell:Creating package script '/home/gvega/Desktop/looping_ws/src/plansys2-gpsr-looping/plansys2_bt_lp/install/plansys2_bt_lp/share/plansys2_bt_lp/package.ps1'
[14.301s] INFO:colcon.colcon_core.shell:Creating package descriptor '/home/gvega/Desktop/looping_ws/src/plansys2-gpsr-looping/plansys2_bt_lp/install/plansys2_bt_lp/share/plansys2_bt_lp/package.dsv'
[14.303s] INFO:colcon.colcon_core.shell:Creating package script '/home/gvega/Desktop/looping_ws/src/plansys2-gpsr-looping/plansys2_bt_lp/install/plansys2_bt_lp/share/plansys2_bt_lp/package.sh'
[14.305s] INFO:colcon.colcon_core.shell:Creating package script '/home/gvega/Desktop/looping_ws/src/plansys2-gpsr-looping/plansys2_bt_lp/install/plansys2_bt_lp/share/plansys2_bt_lp/package.bash'
[14.307s] INFO:colcon.colcon_core.shell:Creating package script '/home/gvega/Desktop/looping_ws/src/plansys2-gpsr-looping/plansys2_bt_lp/install/plansys2_bt_lp/share/plansys2_bt_lp/package.zsh'
[14.309s] Level 1:colcon.colcon_core.environment:create_file_with_runtime_dependencies(/home/gvega/Desktop/looping_ws/src/plansys2-gpsr-looping/plansys2_bt_lp/install/plansys2_bt_lp/share/colcon-core/packages/plansys2_bt_lp)
[14.545s] Level 1:colcon.colcon_core.environment:create_environment_scripts_only(plansys2_bt_lp)
[14.550s] Level 1:colcon.colcon_core.environment:checking '/home/gvega/Desktop/looping_ws/src/plansys2-gpsr-looping/plansys2_bt_lp/install/plansys2_bt_lp' for CMake module files
[14.552s] Level 1:colcon.colcon_core.environment:checking '/home/gvega/Desktop/looping_ws/src/plansys2-gpsr-looping/plansys2_bt_lp/install/plansys2_bt_lp' for CMake config files
[14.553s] Level 1:colcon.colcon_core.shell:create_environment_hook('plansys2_bt_lp', 'cmake_prefix_path')
[14.557s] INFO:colcon.colcon_core.shell:Creating environment hook '/home/gvega/Desktop/looping_ws/src/plansys2-gpsr-looping/plansys2_bt_lp/install/plansys2_bt_lp/share/plansys2_bt_lp/hook/cmake_prefix_path.ps1'
[14.559s] INFO:colcon.colcon_core.shell:Creating environment descriptor '/home/gvega/Desktop/looping_ws/src/plansys2-gpsr-looping/plansys2_bt_lp/install/plansys2_bt_lp/share/plansys2_bt_lp/hook/cmake_prefix_path.dsv'
[14.559s] INFO:colcon.colcon_core.shell:Creating environment hook '/home/gvega/Desktop/looping_ws/src/plansys2-gpsr-looping/plansys2_bt_lp/install/plansys2_bt_lp/share/plansys2_bt_lp/hook/cmake_prefix_path.sh'
[14.561s] Level 1:colcon.colcon_core.environment:checking '/home/gvega/Desktop/looping_ws/src/plansys2-gpsr-looping/plansys2_bt_lp/install/plansys2_bt_lp/lib'
[14.561s] Level 1:colcon.colcon_core.shell:create_environment_hook('plansys2_bt_lp', 'ld_library_path_lib')
[14.565s] INFO:colcon.colcon_core.shell:Creating environment hook '/home/gvega/Desktop/looping_ws/src/plansys2-gpsr-looping/plansys2_bt_lp/install/plansys2_bt_lp/share/plansys2_bt_lp/hook/ld_library_path_lib.ps1'
[14.566s] INFO:colcon.colcon_core.shell:Creating environment descriptor '/home/gvega/Desktop/looping_ws/src/plansys2-gpsr-looping/plansys2_bt_lp/install/plansys2_bt_lp/share/plansys2_bt_lp/hook/ld_library_path_lib.dsv'
[14.567s] INFO:colcon.colcon_core.shell:Creating environment hook '/home/gvega/Desktop/looping_ws/src/plansys2-gpsr-looping/plansys2_bt_lp/install/plansys2_bt_lp/share/plansys2_bt_lp/hook/ld_library_path_lib.sh'
[14.568s] Level 1:colcon.colcon_core.environment:checking '/home/gvega/Desktop/looping_ws/src/plansys2-gpsr-looping/plansys2_bt_lp/install/plansys2_bt_lp/bin'
[14.568s] Level 1:colcon.colcon_core.environment:checking '/home/gvega/Desktop/looping_ws/src/plansys2-gpsr-looping/plansys2_bt_lp/install/plansys2_bt_lp/lib/pkgconfig/plansys2_bt_lp.pc'
[14.568s] Level 1:colcon.colcon_core.environment:checking '/home/gvega/Desktop/looping_ws/src/plansys2-gpsr-looping/plansys2_bt_lp/install/plansys2_bt_lp/lib/python3.10/site-packages'
[14.569s] Level 1:colcon.colcon_core.environment:checking '/home/gvega/Desktop/looping_ws/src/plansys2-gpsr-looping/plansys2_bt_lp/install/plansys2_bt_lp/bin'
[14.573s] INFO:colcon.colcon_core.shell:Creating package script '/home/gvega/Desktop/looping_ws/src/plansys2-gpsr-looping/plansys2_bt_lp/install/plansys2_bt_lp/share/plansys2_bt_lp/package.ps1'
[14.575s] INFO:colcon.colcon_core.shell:Creating package descriptor '/home/gvega/Desktop/looping_ws/src/plansys2-gpsr-looping/plansys2_bt_lp/install/plansys2_bt_lp/share/plansys2_bt_lp/package.dsv'
[14.576s] INFO:colcon.colcon_core.shell:Creating package script '/home/gvega/Desktop/looping_ws/src/plansys2-gpsr-looping/plansys2_bt_lp/install/plansys2_bt_lp/share/plansys2_bt_lp/package.sh'
[14.577s] INFO:colcon.colcon_core.shell:Creating package script '/home/gvega/Desktop/looping_ws/src/plansys2-gpsr-looping/plansys2_bt_lp/install/plansys2_bt_lp/share/plansys2_bt_lp/package.bash'
[14.578s] INFO:colcon.colcon_core.shell:Creating package script '/home/gvega/Desktop/looping_ws/src/plansys2-gpsr-looping/plansys2_bt_lp/install/plansys2_bt_lp/share/plansys2_bt_lp/package.zsh'
[14.579s] Level 1:colcon.colcon_core.environment:create_file_with_runtime_dependencies(/home/gvega/Desktop/looping_ws/src/plansys2-gpsr-looping/plansys2_bt_lp/install/plansys2_bt_lp/share/colcon-core/packages/plansys2_bt_lp)
[14.580s] DEBUG:colcon.colcon_parallel_executor.executor.parallel:closing loop
[14.581s] DEBUG:colcon.colcon_parallel_executor.executor.parallel:loop closed
[14.581s] DEBUG:colcon.colcon_parallel_executor.executor.parallel:run_until_complete finished with '0'
[14.581s] DEBUG:colcon.colcon_core.event_reactor:joining thread
[14.601s] INFO:colcon.colcon_core.plugin_system:Skipping extension 'colcon_notification.desktop_notification.terminal_notifier': Not used on non-Darwin systems
[14.601s] INFO:colcon.colcon_core.plugin_system:Skipping extension 'colcon_notification.desktop_notification.win32': Not used on non-Windows systems
[14.601s] INFO:colcon.colcon_notification.desktop_notification:Sending desktop notification using 'notify2'
[14.628s] DEBUG:colcon.colcon_core.event_reactor:joined thread
[14.632s] INFO:colcon.colcon_core.shell:Creating prefix script '/home/gvega/Desktop/looping_ws/src/plansys2-gpsr-looping/plansys2_bt_lp/install/local_setup.ps1'
[14.635s] INFO:colcon.colcon_core.shell:Creating prefix util module '/home/gvega/Desktop/looping_ws/src/plansys2-gpsr-looping/plansys2_bt_lp/install/_local_setup_util_ps1.py'
[14.638s] INFO:colcon.colcon_core.shell:Creating prefix chain script '/home/gvega/Desktop/looping_ws/src/plansys2-gpsr-looping/plansys2_bt_lp/install/setup.ps1'
[14.654s] INFO:colcon.colcon_core.shell:Creating prefix script '/home/gvega/Desktop/looping_ws/src/plansys2-gpsr-looping/plansys2_bt_lp/install/local_setup.sh'
[14.656s] INFO:colcon.colcon_core.shell:Creating prefix util module '/home/gvega/Desktop/looping_ws/src/plansys2-gpsr-looping/plansys2_bt_lp/install/_local_setup_util_sh.py'
[14.657s] INFO:colcon.colcon_core.shell:Creating prefix chain script '/home/gvega/Desktop/looping_ws/src/plansys2-gpsr-looping/plansys2_bt_lp/install/setup.sh'
[14.674s] INFO:colcon.colcon_core.shell:Creating prefix script '/home/gvega/Desktop/looping_ws/src/plansys2-gpsr-looping/plansys2_bt_lp/install/local_setup.bash'
[14.676s] INFO:colcon.colcon_core.shell:Creating prefix chain script '/home/gvega/Desktop/looping_ws/src/plansys2-gpsr-looping/plansys2_bt_lp/install/setup.bash'
[14.692s] INFO:colcon.colcon_core.shell:Creating prefix script '/home/gvega/Desktop/looping_ws/src/plansys2-gpsr-looping/plansys2_bt_lp/install/local_setup.zsh'
[14.693s] INFO:colcon.colcon_core.shell:Creating prefix chain script '/home/gvega/Desktop/looping_ws/src/plansys2-gpsr-looping/plansys2_bt_lp/install/setup.zsh'
